<?xml version="1.0" encoding="UTF-8"?>
<testng-results total="3" passed="2" failed="1" skipped="0">
  <reporter-output>
  </reporter-output>
  <suite started-at="2021-07-04T13:29:13Z" name="Suite" finished-at="2021-07-04T13:30:14Z" duration-ms="61202">
    <groups>
    </groups>
    <test started-at="2021-07-04T13:29:13Z" name="Test" finished-at="2021-07-04T13:30:14Z" duration-ms="61202">
      <class name="com.testscenarios.ChildAndMotherRegistration">
        <test-method is-config="true" signature="setup()[pri:0, instance:com.testscenarios.ChildAndMotherRegistration@609cd4d8]" started-at="2021-07-04T15:29:13Z" name="setup" finished-at="2021-07-04T15:29:26Z" duration-ms="13591" status="PASS">
          <reporter-output>
          </reporter-output>
        </test-method> <!-- setup -->
        <test-method signature="test_childAndMotherRegistration()[pri:0, instance:com.testscenarios.ChildAndMotherRegistration@609cd4d8]" started-at="2021-07-04T15:29:26Z" name="test_childAndMotherRegistration" finished-at="2021-07-04T15:29:41Z" duration-ms="14826" status="FAIL">
          <exception class="org.openqa.selenium.NoSuchElementException">
            <message>
              <![CDATA[no such element: Unable to locate element: {"method":"xpath","selector":"//p[text()='Form successfully saved!']"}
  (Session info: chrome=91.0.4472.124)
For documentation on this error, please visit: https://www.seleniumhq.org/exceptions/no_such_element.html
Build info: version: '3.141.59', revision: 'e82be7d358', time: '2018-11-14T08:17:03'
System info: host: 'LAPTOP-G4U5KAR8', ip: '192.168.8.106', os.name: 'Windows 10', os.arch: 'amd64', os.version: '10.0', java.version: '15.0.2'
Driver info: org.openqa.selenium.chrome.ChromeDriver
Capabilities {acceptInsecureCerts: false, browserName: chrome, browserVersion: 91.0.4472.124, chrome: {chromedriverVersion: 91.0.4472.19 (1bf021f248676..., userDataDir: C:\Users\UPENDAR\AppData\Lo...}, goog:chromeOptions: {debuggerAddress: localhost:7991}, javascriptEnabled: true, networkConnectionEnabled: false, pageLoadStrategy: normal, platform: WINDOWS, platformName: WINDOWS, proxy: Proxy(), setWindowRect: true, strictFileInteractability: false, timeouts: {implicit: 0, pageLoad: 300000, script: 30000}, unhandledPromptBehavior: dismiss and notify, webauthn:extension:largeBlob: true, webauthn:virtualAuthenticators: true}
Session ID: 80afb017992dab6e03803682adc9d7be
*** Element info: {Using=xpath, value=//p[text()='Form successfully saved!']}]]>
            </message>
            <full-stacktrace>
              <![CDATA[org.openqa.selenium.NoSuchElementException: no such element: Unable to locate element: {"method":"xpath","selector":"//p[text()='Form successfully saved!']"}
  (Session info: chrome=91.0.4472.124)
For documentation on this error, please visit: https://www.seleniumhq.org/exceptions/no_such_element.html
Build info: version: '3.141.59', revision: 'e82be7d358', time: '2018-11-14T08:17:03'
System info: host: 'LAPTOP-G4U5KAR8', ip: '192.168.8.106', os.name: 'Windows 10', os.arch: 'amd64', os.version: '10.0', java.version: '15.0.2'
Driver info: org.openqa.selenium.chrome.ChromeDriver
Capabilities {acceptInsecureCerts: false, browserName: chrome, browserVersion: 91.0.4472.124, chrome: {chromedriverVersion: 91.0.4472.19 (1bf021f248676..., userDataDir: C:\Users\UPENDAR\AppData\Lo...}, goog:chromeOptions: {debuggerAddress: localhost:7991}, javascriptEnabled: true, networkConnectionEnabled: false, pageLoadStrategy: normal, platform: WINDOWS, platformName: WINDOWS, proxy: Proxy(), setWindowRect: true, strictFileInteractability: false, timeouts: {implicit: 0, pageLoad: 300000, script: 30000}, unhandledPromptBehavior: dismiss and notify, webauthn:extension:largeBlob: true, webauthn:virtualAuthenticators: true}
Session ID: 80afb017992dab6e03803682adc9d7be
*** Element info: {Using=xpath, value=//p[text()='Form successfully saved!']}
	at java.base/jdk.internal.reflect.NativeConstructorAccessorImpl.newInstance0(Native Method)
	at java.base/jdk.internal.reflect.NativeConstructorAccessorImpl.newInstance(NativeConstructorAccessorImpl.java:64)
	at java.base/jdk.internal.reflect.DelegatingConstructorAccessorImpl.newInstance(DelegatingConstructorAccessorImpl.java:45)
	at java.base/java.lang.reflect.Constructor.newInstanceWithCaller(Constructor.java:500)
	at java.base/java.lang.reflect.Constructor.newInstance(Constructor.java:481)
	at org.openqa.selenium.remote.http.W3CHttpResponseCodec.createException(W3CHttpResponseCodec.java:187)
	at org.openqa.selenium.remote.http.W3CHttpResponseCodec.decode(W3CHttpResponseCodec.java:122)
	at org.openqa.selenium.remote.http.W3CHttpResponseCodec.decode(W3CHttpResponseCodec.java:49)
	at org.openqa.selenium.remote.HttpCommandExecutor.execute(HttpCommandExecutor.java:158)
	at org.openqa.selenium.remote.service.DriverCommandExecutor.execute(DriverCommandExecutor.java:83)
	at org.openqa.selenium.remote.RemoteWebDriver.execute(RemoteWebDriver.java:552)
	at org.openqa.selenium.remote.RemoteWebDriver.findElement(RemoteWebDriver.java:323)
	at org.openqa.selenium.remote.RemoteWebDriver.findElementByXPath(RemoteWebDriver.java:428)
	at org.openqa.selenium.By$ByXPath.findElement(By.java:353)
	at org.openqa.selenium.remote.RemoteWebDriver.findElement(RemoteWebDriver.java:315)
	at com.pages.ChildHealthTrackerPage.successMsg(ChildHealthTrackerPage.java:30)
	at com.testscenarios.ChildAndMotherRegistration.test_childAndMotherRegistration(ChildAndMotherRegistration.java:47)
	at java.base/jdk.internal.reflect.NativeMethodAccessorImpl.invoke0(Native Method)
	at java.base/jdk.internal.reflect.NativeMethodAccessorImpl.invoke(NativeMethodAccessorImpl.java:64)
	at java.base/jdk.internal.reflect.DelegatingMethodAccessorImpl.invoke(DelegatingMethodAccessorImpl.java:43)
	at java.base/java.lang.reflect.Method.invoke(Method.java:564)
	at org.testng.internal.MethodInvocationHelper.invokeMethod(MethodInvocationHelper.java:80)
	at org.testng.internal.Invoker.invokeMethod(Invoker.java:714)
	at org.testng.internal.Invoker.invokeTestMethod(Invoker.java:901)
	at org.testng.internal.Invoker.invokeTestMethods(Invoker.java:1231)
	at org.testng.internal.TestMethodWorker.invokeTestMethods(TestMethodWorker.java:127)
	at org.testng.internal.TestMethodWorker.run(TestMethodWorker.java:111)
	at org.testng.TestRunner.privateRun(TestRunner.java:767)
	at org.testng.TestRunner.run(TestRunner.java:617)
	at org.testng.SuiteRunner.runTest(SuiteRunner.java:334)
	at org.testng.SuiteRunner.runSequentially(SuiteRunner.java:329)
	at org.testng.SuiteRunner.privateRun(SuiteRunner.java:291)
	at org.testng.SuiteRunner.run(SuiteRunner.java:240)
	at org.testng.SuiteRunnerWorker.runSuite(SuiteRunnerWorker.java:52)
	at org.testng.SuiteRunnerWorker.run(SuiteRunnerWorker.java:86)
	at org.testng.TestNG.runSuitesSequentially(TestNG.java:1198)
	at org.testng.TestNG.runSuitesLocally(TestNG.java:1123)
	at org.testng.TestNG.run(TestNG.java:1031)
	at org.testng.remote.AbstractRemoteTestNG.run(AbstractRemoteTestNG.java:115)
	at org.testng.remote.RemoteTestNG.initAndRun(RemoteTestNG.java:251)
	at org.testng.remote.RemoteTestNG.main(RemoteTestNG.java:77)
]]>
            </full-stacktrace>
          </exception> <!-- org.openqa.selenium.NoSuchElementException -->
          <reporter-output>
          </reporter-output>
        </test-method> <!-- test_childAndMotherRegistration -->
        <test-method is-config="true" signature="tearDown()[pri:0, instance:com.testscenarios.ChildAndMotherRegistration@609cd4d8]" started-at="2021-07-04T15:29:41Z" name="tearDown" finished-at="2021-07-04T15:29:42Z" duration-ms="645" status="PASS">
          <reporter-output>
          </reporter-output>
        </test-method> <!-- tearDown -->
      </class> <!-- com.testscenarios.ChildAndMotherRegistration -->
      <class name="com.testscenarios.FollowUpFormSubmit">
        <test-method is-config="true" signature="setup()[pri:0, instance:com.testscenarios.FollowUpFormSubmit@385e9564]" started-at="2021-07-04T15:29:42Z" name="setup" finished-at="2021-07-04T15:29:50Z" duration-ms="7996" status="PASS">
          <reporter-output>
          </reporter-output>
        </test-method> <!-- setup -->
        <test-method signature="test_FollowUpFormSubmit()[pri:0, instance:com.testscenarios.FollowUpFormSubmit@385e9564]" started-at="2021-07-04T15:29:50Z" name="test_FollowUpFormSubmit" finished-at="2021-07-04T15:30:03Z" duration-ms="13119" status="PASS">
          <reporter-output>
          </reporter-output>
        </test-method> <!-- test_FollowUpFormSubmit -->
        <test-method is-config="true" signature="tearDown()[pri:0, instance:com.testscenarios.FollowUpFormSubmit@385e9564]" started-at="2021-07-04T15:30:03Z" name="tearDown" finished-at="2021-07-04T15:30:04Z" duration-ms="643" status="PASS">
          <reporter-output>
          </reporter-output>
        </test-method> <!-- tearDown -->
      </class> <!-- com.testscenarios.FollowUpFormSubmit -->
      <class name="com.testscenarios.syncButtonFunctionality">
        <test-method is-config="true" signature="setup()[pri:0, instance:com.testscenarios.syncButtonFunctionality@291caca8]" started-at="2021-07-04T15:30:04Z" name="setup" finished-at="2021-07-04T15:30:13Z" duration-ms="8918" status="PASS">
          <reporter-output>
          </reporter-output>
        </test-method> <!-- setup -->
        <test-method signature="test_syncButtonFunctionality()[pri:0, instance:com.testscenarios.syncButtonFunctionality@291caca8]" started-at="2021-07-04T15:30:13Z" name="test_syncButtonFunctionality" finished-at="2021-07-04T15:30:13Z" duration-ms="781" status="PASS">
          <reporter-output>
          </reporter-output>
        </test-method> <!-- test_syncButtonFunctionality -->
        <test-method is-config="true" signature="tearDown()[pri:0, instance:com.testscenarios.syncButtonFunctionality@291caca8]" started-at="2021-07-04T15:30:13Z" name="tearDown" finished-at="2021-07-04T15:30:14Z" duration-ms="650" status="PASS">
          <reporter-output>
          </reporter-output>
        </test-method> <!-- tearDown -->
      </class> <!-- com.testscenarios.syncButtonFunctionality -->
    </test> <!-- Test -->
  </suite> <!-- Suite -->
</testng-results>
